[+] Containers:
 |- [+] Container: /Game/FirstPerson/Maps/FirstPersonMap
 |   |- [+] ActorDescs:
 |   |   |- Guid:03023DF04692F7B7AF7D2F8681CBE4B6 BaseClass: NativeClass:/Script/Engine.StaticMeshActor Name:StaticMeshActor_UAID_94DE808A617E28BF01_1653762908 Label:SM_SkySphere2 SpatiallyLoaded:0 Bounds:IsValid=true, Min=(X=-1636857.000 Y=-1638400.000 Z=-1638417.000), Max=(X=1639943.000 Y=1638400.000 Z=1638383.000) RuntimeGrid:None EditorOnly:0 RuntimeOnly:0 HLODRelevant:1 FolderPath:Lighting FolderGuid:0BA5F0A04EADB18E70D5B180D08FA34B
 |   |   |- Guid:0EDB289B45CB7E0977A6DBA74201EE76 BaseClass: NativeClass:/Script/Engine.StaticMeshActor Name:StaticMeshActor_10 Label:SM_Cube6 SpatiallyLoaded:1 Bounds:IsValid=true, Min=(X=2900.000 Y=100.000 Z=0.000), Max=(X=3000.000 Y=3400.000 Z=400.000) RuntimeGrid:None EditorOnly:0 RuntimeOnly:0 HLODRelevant:1 FolderPath:Playground FolderGuid:6C02BB504B69D1F3D7A624B130C18E5B
 |   |   |- Guid:1BEE684C44195E2583C68EA38C94B5AD BaseClass:/Game/FirstPerson/Blueprints/Mems/BP_Spawn_mem.BP_Spawn_mem_C NativeClass:/Script/Engine.Pawn Name:BP_Spawn_mem_C_UAID_94DE808A617ED5BE01_1817272300 Label:BP_Spawn_mem SpatiallyLoaded:1 Bounds:IsValid=true, Min=(X=2085.000 Y=1978.000 Z=-257.000), Max=(X=2725.000 Y=2618.000 Z=383.000) RuntimeGrid:None EditorOnly:0 RuntimeOnly:0 HLODRelevant:0
 |   |   |- Guid:224BDCB3421E276E71E79084D19798A7 BaseClass:/Game/FirstPerson/Blueprints/Mems/BP_Who.BP_Who_C NativeClass:/Script/Engine.Pawn Name:BP_Who_C_UAID_94DE808A617ED3BE01_2110109935 Label:BP_Who SpatiallyLoaded:1 Bounds:IsValid=true, Min=(X=50.000 Y=60.000 Z=480.000), Max=(X=50.000 Y=60.000 Z=480.000) RuntimeGrid:None EditorOnly:0 RuntimeOnly:0 HLODRelevant:0
 |   |   |- Guid:2682F2734CBF436F5F3B6598B6E2305C BaseClass: NativeClass:/Script/Engine.StaticMeshActor Name:StaticMeshActor_UAID_94DE808A617E28BF01_1657751925 Label:SM_Cube43 SpatiallyLoaded:1 Bounds:IsValid=true, Min=(X=-785.000 Y=-3720.000 Z=-52.000), Max=(X=90.000 Y=-2745.000 Z=-2.000) RuntimeGrid:None EditorOnly:0 RuntimeOnly:0 HLODRelevant:1 Parent:CCD446164B18F67B1D11A0BD2B44B1CE FolderPath:Playground FolderGuid:6C02BB504B69D1F3D7A624B130C18E5B
 |   |   |- Guid:49289B2F44261639076A56AFBCA6853E BaseClass:/Game/FirstPerson/Blueprints/Mems/BP_Spawn_mem.BP_Spawn_mem_C NativeClass:/Script/Engine.Pawn Name:BP_Spawn_mem_C_UAID_94DE808A617EE8BE01_1299792633 Label:BP_Spawn_mem6 SpatiallyLoaded:1 Bounds:IsValid=true, Min=(X=1267.000 Y=2758.000 Z=-257.000), Max=(X=1907.000 Y=3398.000 Z=383.000) RuntimeGrid:None EditorOnly:0 RuntimeOnly:0 HLODRelevant:0
 |   |   |- Guid:4CDFB938460763B6938CD9A55EFD8E41 BaseClass: NativeClass:/Script/Engine.StaticMeshActor Name:StaticMeshActor_UAID_94DE808A617E28BF01_1575318897 Label:SM_Cube17 SpatiallyLoaded:1 Bounds:IsValid=true, Min=(X=0.000 Y=-2770.000 Z=-67.000), Max=(X=875.000 Y=-1795.000 Z=-17.000) RuntimeGrid:None EditorOnly:0 RuntimeOnly:0 HLODRelevant:1 Parent:CCD446164B18F67B1D11A0BD2B44B1CE FolderPath:Playground FolderGuid:6C02BB504B69D1F3D7A624B130C18E5B
 |   |   |- Guid:534D8E2E4162927D81A413B7BB10ECF5 BaseClass:/Game/FirstPerson/Blueprints/BP_Director.BP_Director_C NativeClass:/Script/Engine.Pawn Name:BP_reshiser_C_UAID_94DE808A617E2ABF01_1945423250 Label:BP_reshiser SpatiallyLoaded:1 Bounds:IsValid=true, Min=(X=72.000 Y=347.000 Z=400.000), Max=(X=72.000 Y=347.000 Z=400.000) RuntimeGrid:None EditorOnly:0 RuntimeOnly:0 HLODRelevant:0
 |   |   |- Guid:5FE7584649BB6F09265329A6C57CFD0D BaseClass: NativeClass:/Script/Engine.VolumetricCloud Name:VolumetricCloud_0 Label:VolumetricCloud SpatiallyLoaded:0 Bounds:IsValid=true, Min=(X=0.000 Y=0.000 Z=820.000), Max=(X=0.000 Y=0.000 Z=820.000) RuntimeGrid:None EditorOnly:0 RuntimeOnly:0 HLODRelevant:0 FolderPath:Lighting FolderGuid:0BA5F0A04EADB18E70D5B180D08FA34B
 |   |   |- Guid:61391D344900612A77DFC3BA3E354907 BaseClass: NativeClass:/Script/Engine.ExponentialHeightFog Name:ExponentialHeightFog_0 Label:ExponentialHeightFog SpatiallyLoaded:0 Bounds:IsValid=true, Min=(X=-5600.000 Y=-50.000 Z=-6850.000), Max=(X=-5600.000 Y=-50.000 Z=-6850.000) RuntimeGrid:None EditorOnly:0 RuntimeOnly:0 HLODRelevant:0 FolderPath:Lighting FolderGuid:0BA5F0A04EADB18E70D5B180D08FA34B
 |   |   |- Guid:63742AB149B468C991A30B96E7FEE8F7 BaseClass: NativeClass:/Script/Engine.CameraActor Name:CameraActor_UAID_94DE808A617E29BF01_1096808071 Label:CameraActor SpatiallyLoaded:1 Bounds:IsValid=true, Min=(X=-789.000 Y=-2834.000 Z=857.000), Max=(X=-789.000 Y=-2834.000 Z=857.000) RuntimeGrid:None EditorOnly:0 RuntimeOnly:0 HLODRelevant:0 Parent:CCD446164B18F67B1D11A0BD2B44B1CE FolderPath:Playground FolderGuid:6C02BB504B69D1F3D7A624B130C18E5B
 |   |   |- Guid:6FEFB3BD4EB37B849EF0D4AC80F83855 BaseClass: NativeClass:/Script/Engine.WorldDataLayers Name:WorldDataLayers Label:WorldDataLayers SpatiallyLoaded:0 Bounds:IsValid=true, Min=(X=0.000 Y=0.000 Z=0.000), Max=(X=0.000 Y=0.000 Z=0.000) RuntimeGrid:None EditorOnly:0 RuntimeOnly:0 HLODRelevant:0
 |   |   |- Guid:77119BDA449A66D1C5984D8227E6A3C6 BaseClass:/Game/FirstPerson/Blueprints/Mems/BP_Spawn_mem.BP_Spawn_mem_C NativeClass:/Script/Engine.Pawn Name:BP_Spawn_mem_C_UAID_94DE808A617EE8BE01_1297728632 Label:BP_Spawn_mem5 SpatiallyLoaded:1 Bounds:IsValid=true, Min=(X=1267.000 Y=1968.000 Z=-257.000), Max=(X=1907.000 Y=2608.000 Z=383.000) RuntimeGrid:None EditorOnly:0 RuntimeOnly:0 HLODRelevant:0
 |   |   |- Guid:78CAF7514C7533F30BD2F19A017AAB65 BaseClass: NativeClass:/Script/Engine.StaticMeshActor Name:StaticMeshActor_0 Label:SM_Cube SpatiallyLoaded:1 Bounds:IsValid=true, Min=(X=0.000 Y=0.000 Z=-50.000), Max=(X=3000.000 Y=3500.000 Z=0.000) RuntimeGrid:None EditorOnly:0 RuntimeOnly:0 HLODRelevant:1 FolderPath:Playground FolderGuid:6C02BB504B69D1F3D7A624B130C18E5B
 |   |   |- Guid:80294E5A45E52429CE8B208AD4899BD0 BaseClass:/Game/FirstPerson/Blueprints/Mems/BP_Spawn_mem.BP_Spawn_mem_C NativeClass:/Script/Engine.Pawn Name:BP_Spawn_mem_C_UAID_94DE808A617EE8BE01_1282623631 Label:BP_Spawn_mem4 SpatiallyLoaded:1 Bounds:IsValid=true, Min=(X=1267.000 Y=1238.000 Z=-257.000), Max=(X=1907.000 Y=1878.000 Z=383.000) RuntimeGrid:None EditorOnly:0 RuntimeOnly:0 HLODRelevant:0
 |   |   |- Guid:8559D1384B14F466E8927697A36C1D78 BaseClass: NativeClass:/Script/Engine.StaticMeshActor Name:StaticMeshActor_9 Label:SM_Cube5 SpatiallyLoaded:1 Bounds:IsValid=true, Min=(X=-0.000 Y=100.000 Z=0.000), Max=(X=100.000 Y=3400.000 Z=400.000) RuntimeGrid:None EditorOnly:0 RuntimeOnly:0 HLODRelevant:1 FolderPath:Playground FolderGuid:6C02BB504B69D1F3D7A624B130C18E5B
 |   |   |- Guid:90B7B8D3420C2EABA931D3A6A69DF696 BaseClass: NativeClass:/Script/Engine.StaticMeshActor Name:StaticMeshActor_3 Label:SM_Cube2 SpatiallyLoaded:1 Bounds:IsValid=true, Min=(X=0.000 Y=0.000 Z=0.000), Max=(X=3000.000 Y=100.000 Z=400.000) RuntimeGrid:None EditorOnly:0 RuntimeOnly:0 HLODRelevant:1 FolderPath:Playground FolderGuid:6C02BB504B69D1F3D7A624B130C18E5B
 |   |   |- Guid:9A0FE22C42D105965F678489BA8BC2DB BaseClass:/Game/FirstPerson/Blueprints/Mems/BP_Spawn_mem.BP_Spawn_mem_C NativeClass:/Script/Engine.Pawn Name:BP_Spawn_mem_C_UAID_94DE808A617ED7BE01_1420806656 Label:BP_Spawn_mem3 SpatiallyLoaded:1 Bounds:IsValid=true, Min=(X=2085.000 Y=1238.000 Z=-257.000), Max=(X=2725.000 Y=1878.000 Z=383.000) RuntimeGrid:None EditorOnly:0 RuntimeOnly:0 HLODRelevant:0
 |   |   |- Guid:9EC922C143D17374A2D2F5AD7F25D963 BaseClass:/Game/FirstPerson/Blueprints/Mems/BP_Spawn_mem.BP_Spawn_mem_C NativeClass:/Script/Engine.Pawn Name:BP_Spawn_mem_C_UAID_94DE808A617ED7BE01_1417959655 Label:BP_Spawn_mem2 SpatiallyLoaded:1 Bounds:IsValid=true, Min=(X=2085.000 Y=2808.000 Z=-257.000), Max=(X=2725.000 Y=3448.000 Z=383.000) RuntimeGrid:None EditorOnly:0 RuntimeOnly:0 HLODRelevant:0
 |   |   |- Guid:A354B1B24E617A525DC6B48CCDE2417E BaseClass: NativeClass:/Script/Engine.PlayerStart Name:PlayerStart_0 Label:PlayerStart SpatiallyLoaded:0 Bounds:IsValid=true, Min=(X=860.000 Y=810.000 Z=0.013), Max=(X=940.000 Y=890.000 Z=184.013) RuntimeGrid:None EditorOnly:0 RuntimeOnly:0 HLODRelevant:0
 |   |   |- Guid:AF8C4EB046340AFD42C4EAA36DA602BB BaseClass: NativeClass:/Script/Engine.StaticMeshActor Name:StaticMeshActor_UAID_94DE808A617E28BF01_1657749924 Label:SM_Cube42 SpatiallyLoaded:1 Bounds:IsValid=true, Min=(X=-785.000 Y=-2770.000 Z=-69.000), Max=(X=90.000 Y=-1795.000 Z=-19.000) RuntimeGrid:None EditorOnly:0 RuntimeOnly:0 HLODRelevant:1 Parent:CCD446164B18F67B1D11A0BD2B44B1CE FolderPath:Playground FolderGuid:6C02BB504B69D1F3D7A624B130C18E5B
 |   |   |- Guid:BB8BBCC14E1D25918330A9ADFA9F4D39 BaseClass: NativeClass:/Script/Engine.StaticMeshActor Name:StaticMeshActor_UAID_94DE808A617E28BF01_1657755928 Label:SM_Cube46 SpatiallyLoaded:1 Bounds:IsValid=true, Min=(X=-785.000 Y=-4438.000 Z=-58.000), Max=(X=90.000 Y=-3463.000 Z=-8.000) RuntimeGrid:None EditorOnly:0 RuntimeOnly:0 HLODRelevant:1 Parent:CCD446164B18F67B1D11A0BD2B44B1CE FolderPath:Playground FolderGuid:6C02BB504B69D1F3D7A624B130C18E5B
 |   |   |- Guid:C0C56B9644AE3D40CAFF6A878DB29844 BaseClass: NativeClass:/Script/Engine.StaticMeshActor Name:StaticMeshActor_UAID_A4AE111137DC5EFB00_2001720423 Label:SM_SkySphere SpatiallyLoaded:0 Bounds:IsValid=true, Min=(X=-1638400.000 Y=-1638400.000 Z=-1638400.000), Max=(X=1638400.000 Y=1638400.000 Z=1638400.000) RuntimeGrid:None EditorOnly:0 RuntimeOnly:0 HLODRelevant:1 FolderPath:Lighting FolderGuid:0BA5F0A04EADB18E70D5B180D08FA34B
 |   |   |- Guid:C22CE07C4B87D685137FDBBC10FC92C6 BaseClass: NativeClass:/Script/Engine.SkyAtmosphere Name:SkyAtmosphere_0 Label:SkyAtmosphere SpatiallyLoaded:0 Bounds:IsValid=true, Min=(X=0.000 Y=0.000 Z=1020.000), Max=(X=0.000 Y=0.000 Z=1020.000) RuntimeGrid:None EditorOnly:0 RuntimeOnly:0 HLODRelevant:0 FolderPath:Lighting FolderGuid:0BA5F0A04EADB18E70D5B180D08FA34B
 |   |   |- Guid:CCD446164B18F67B1D11A0BD2B44B1CE BaseClass: NativeClass:/Script/Engine.StaticMeshActor Name:StaticMeshActor_UAID_94DE808A617E28BF01_1525165896 Label:SM_Cube7 SpatiallyLoaded:1 Bounds:IsValid=true, Min=(X=0.000 Y=-3720.000 Z=-58.000), Max=(X=875.000 Y=-2745.000 Z=-8.000) RuntimeGrid:None EditorOnly:0 RuntimeOnly:0 HLODRelevant:1 FolderPath:Playground FolderGuid:6C02BB504B69D1F3D7A624B130C18E5B
 |   |   |- Guid:CE4DFCB046F643CB439FEEBC9B0B1BAA BaseClass:/Game/FirstPerson/Blueprints/BP_Text.BP_Text_C NativeClass:/Script/Engine.Pawn Name:BP_Text_C_UAID_94DE808A617E2BBF01_1657537427 Label:BP_Text SpatiallyLoaded:1 Bounds:IsValid=true, Min=(X=1070.000 Y=481.000 Z=-10.000), Max=(X=1310.000 Y=641.000 Z=150.000) RuntimeGrid:None EditorOnly:0 RuntimeOnly:0 HLODRelevant:0
 |   |   |- Guid:CE8D82634660FCDB3120E2B8D547C533 BaseClass: NativeClass:/Script/Engine.PostProcessVolume Name:PostProcessVolume_0 Label:PostProcessVolume SpatiallyLoaded:0 Bounds:IsValid=true, Min=(X=0.000 Y=0.000 Z=400.000), Max=(X=200.000 Y=200.000 Z=600.000) RuntimeGrid:None EditorOnly:0 RuntimeOnly:0 HLODRelevant:0 FolderPath:Lighting FolderGuid:0BA5F0A04EADB18E70D5B180D08FA34B
 |   |   |- Guid:E34430AF4F839993FA925C820A40BF23 BaseClass: NativeClass:/Script/Engine.StaticMeshActor Name:StaticMeshActor_UAID_94DE808A617E28BF01_1635913904 Label:SM_Cube24 SpatiallyLoaded:1 Bounds:IsValid=true, Min=(X=0.000 Y=-1897.000 Z=-84.000), Max=(X=875.000 Y=-922.000 Z=-34.000) RuntimeGrid:None EditorOnly:0 RuntimeOnly:0 HLODRelevant:1 Parent:CCD446164B18F67B1D11A0BD2B44B1CE FolderPath:Playground FolderGuid:6C02BB504B69D1F3D7A624B130C18E5B
 |   |   |- Guid:E5320C1B4FD9764CE7B54D8487AEC613 BaseClass: NativeClass:/Script/Engine.SkyLight Name:SkyLight_0 Label:SkyLight SpatiallyLoaded:0 Bounds:IsValid=true, Min=(X=0.000 Y=0.000 Z=690.000), Max=(X=0.000 Y=0.000 Z=690.000) RuntimeGrid:None EditorOnly:0 RuntimeOnly:0 HLODRelevant:0 FolderPath:Lighting FolderGuid:0BA5F0A04EADB18E70D5B180D08FA34B
 |   |   |- Guid:F022688B4F4BF86D151F6FA743EB0D73 BaseClass: NativeClass:/Script/Engine.StaticMeshActor Name:StaticMeshActor_UAID_94DE808A617E28BF01_1657762933 Label:SM_Cube51 SpatiallyLoaded:1 Bounds:IsValid=true, Min=(X=-785.000 Y=-1917.000 Z=-73.000), Max=(X=90.000 Y=-942.000 Z=-23.000) RuntimeGrid:None EditorOnly:0 RuntimeOnly:0 HLODRelevant:1 Parent:CCD446164B18F67B1D11A0BD2B44B1CE FolderPath:Playground FolderGuid:6C02BB504B69D1F3D7A624B130C18E5B
 |   |   |- Guid:F07F1AF64C7C7C238EE1B4BF8C122DD8 BaseClass: NativeClass:/Script/Engine.StaticMeshActor Name:StaticMeshActor_4 Label:SM_Cube3 SpatiallyLoaded:1 Bounds:IsValid=true, Min=(X=0.000 Y=3400.000 Z=0.000), Max=(X=3000.000 Y=3500.000 Z=400.000) RuntimeGrid:None EditorOnly:0 RuntimeOnly:0 HLODRelevant:1 FolderPath:Playground FolderGuid:6C02BB504B69D1F3D7A624B130C18E5B
 |   |   |- Guid:F80621C9446867154938FE81375207DA BaseClass: NativeClass:/Script/Engine.DirectionalLight Name:DirectionalLight_1 Label:DirectionalLight SpatiallyLoaded:0 Bounds:IsValid=true, Min=(X=-4398046511104.000 Y=-4398046511104.000 Z=-4398046511104.000), Max=(X=4398046511104.000 Y=4398046511104.000 Z=4398046511104.000) RuntimeGrid:None EditorOnly:0 RuntimeOnly:0 HLODRelevant:0 FolderPath:Lighting FolderGuid:0BA5F0A04EADB18E70D5B180D08FA34B
 |   |   |- Guid:F8DAD21B4D91E904DCE3109F7319B249 BaseClass: NativeClass:/Script/Engine.StaticMeshActor Name:StaticMeshActor_UAID_94DE808A617E28BF01_1626461901 Label:SM_Cube21 SpatiallyLoaded:1 Bounds:IsValid=true, Min=(X=0.000 Y=-4438.000 Z=-67.000), Max=(X=875.000 Y=-3463.000 Z=-17.000) RuntimeGrid:None EditorOnly:0 RuntimeOnly:0 HLODRelevant:1 Parent:CCD446164B18F67B1D11A0BD2B44B1CE FolderPath:Playground FolderGuid:6C02BB504B69D1F3D7A624B130C18E5B
 |   |- [+] Clusters:
 |   |   |- [+] [  0]
 |   |   |   |- Guid:61391D344900612A77DFC3BA3E354907 BaseClass: NativeClass:/Script/Engine.ExponentialHeightFog Name:ExponentialHeightFog_0 Label:ExponentialHeightFog SpatiallyLoaded:0 Bounds:IsValid=true, Min=(X=-5600.000 Y=-50.000 Z=-6850.000), Max=(X=-5600.000 Y=-50.000 Z=-6850.000) RuntimeGrid:None EditorOnly:0 RuntimeOnly:0 HLODRelevant:0 FolderPath:Lighting FolderGuid:0BA5F0A04EADB18E70D5B180D08FA34B
 |   |   |- [+] [  1]
 |   |   |   |- Guid:5FE7584649BB6F09265329A6C57CFD0D BaseClass: NativeClass:/Script/Engine.VolumetricCloud Name:VolumetricCloud_0 Label:VolumetricCloud SpatiallyLoaded:0 Bounds:IsValid=true, Min=(X=0.000 Y=0.000 Z=820.000), Max=(X=0.000 Y=0.000 Z=820.000) RuntimeGrid:None EditorOnly:0 RuntimeOnly:0 HLODRelevant:0 FolderPath:Lighting FolderGuid:0BA5F0A04EADB18E70D5B180D08FA34B
 |   |   |- [+] [  2]
 |   |   |   |- Guid:03023DF04692F7B7AF7D2F8681CBE4B6 BaseClass: NativeClass:/Script/Engine.StaticMeshActor Name:StaticMeshActor_UAID_94DE808A617E28BF01_1653762908 Label:SM_SkySphere2 SpatiallyLoaded:0 Bounds:IsValid=true, Min=(X=-1636857.000 Y=-1638400.000 Z=-1638417.000), Max=(X=1639943.000 Y=1638400.000 Z=1638383.000) RuntimeGrid:None EditorOnly:0 RuntimeOnly:0 HLODRelevant:1 FolderPath:Lighting FolderGuid:0BA5F0A04EADB18E70D5B180D08FA34B
 |   |   |- [+] [  3]
 |   |   |   |- Guid:F80621C9446867154938FE81375207DA BaseClass: NativeClass:/Script/Engine.DirectionalLight Name:DirectionalLight_1 Label:DirectionalLight SpatiallyLoaded:0 Bounds:IsValid=true, Min=(X=-4398046511104.000 Y=-4398046511104.000 Z=-4398046511104.000), Max=(X=4398046511104.000 Y=4398046511104.000 Z=4398046511104.000) RuntimeGrid:None EditorOnly:0 RuntimeOnly:0 HLODRelevant:0 FolderPath:Lighting FolderGuid:0BA5F0A04EADB18E70D5B180D08FA34B
 |   |   |- [+] [  4]
 |   |   |   |- Guid:77119BDA449A66D1C5984D8227E6A3C6 BaseClass:/Game/FirstPerson/Blueprints/Mems/BP_Spawn_mem.BP_Spawn_mem_C NativeClass:/Script/Engine.Pawn Name:BP_Spawn_mem_C_UAID_94DE808A617EE8BE01_1297728632 Label:BP_Spawn_mem5 SpatiallyLoaded:1 Bounds:IsValid=true, Min=(X=1267.000 Y=1968.000 Z=-257.000), Max=(X=1907.000 Y=2608.000 Z=383.000) RuntimeGrid:None EditorOnly:0 RuntimeOnly:0 HLODRelevant:0
 |   |   |- [+] [  5]
 |   |   |   |- Guid:90B7B8D3420C2EABA931D3A6A69DF696 BaseClass: NativeClass:/Script/Engine.StaticMeshActor Name:StaticMeshActor_3 Label:SM_Cube2 SpatiallyLoaded:1 Bounds:IsValid=true, Min=(X=0.000 Y=0.000 Z=0.000), Max=(X=3000.000 Y=100.000 Z=400.000) RuntimeGrid:None EditorOnly:0 RuntimeOnly:0 HLODRelevant:1 FolderPath:Playground FolderGuid:6C02BB504B69D1F3D7A624B130C18E5B
 |   |   |- [+] [  6]
 |   |   |   |- Guid:1BEE684C44195E2583C68EA38C94B5AD BaseClass:/Game/FirstPerson/Blueprints/Mems/BP_Spawn_mem.BP_Spawn_mem_C NativeClass:/Script/Engine.Pawn Name:BP_Spawn_mem_C_UAID_94DE808A617ED5BE01_1817272300 Label:BP_Spawn_mem SpatiallyLoaded:1 Bounds:IsValid=true, Min=(X=2085.000 Y=1978.000 Z=-257.000), Max=(X=2725.000 Y=2618.000 Z=383.000) RuntimeGrid:None EditorOnly:0 RuntimeOnly:0 HLODRelevant:0
 |   |   |- [+] [  7]
 |   |   |   |- Guid:49289B2F44261639076A56AFBCA6853E BaseClass:/Game/FirstPerson/Blueprints/Mems/BP_Spawn_mem.BP_Spawn_mem_C NativeClass:/Script/Engine.Pawn Name:BP_Spawn_mem_C_UAID_94DE808A617EE8BE01_1299792633 Label:BP_Spawn_mem6 SpatiallyLoaded:1 Bounds:IsValid=true, Min=(X=1267.000 Y=2758.000 Z=-257.000), Max=(X=1907.000 Y=3398.000 Z=383.000) RuntimeGrid:None EditorOnly:0 RuntimeOnly:0 HLODRelevant:0
 |   |   |- [+] [  8]
 |   |   |   |- Guid:E5320C1B4FD9764CE7B54D8487AEC613 BaseClass: NativeClass:/Script/Engine.SkyLight Name:SkyLight_0 Label:SkyLight SpatiallyLoaded:0 Bounds:IsValid=true, Min=(X=0.000 Y=0.000 Z=690.000), Max=(X=0.000 Y=0.000 Z=690.000) RuntimeGrid:None EditorOnly:0 RuntimeOnly:0 HLODRelevant:0 FolderPath:Lighting FolderGuid:0BA5F0A04EADB18E70D5B180D08FA34B
 |   |   |- [+] [  9]
 |   |   |   |- Guid:CE4DFCB046F643CB439FEEBC9B0B1BAA BaseClass:/Game/FirstPerson/Blueprints/BP_Text.BP_Text_C NativeClass:/Script/Engine.Pawn Name:BP_Text_C_UAID_94DE808A617E2BBF01_1657537427 Label:BP_Text SpatiallyLoaded:1 Bounds:IsValid=true, Min=(X=1070.000 Y=481.000 Z=-10.000), Max=(X=1310.000 Y=641.000 Z=150.000) RuntimeGrid:None EditorOnly:0 RuntimeOnly:0 HLODRelevant:0
 |   |   |- [+] [ 10]
 |   |   |   |- Guid:F07F1AF64C7C7C238EE1B4BF8C122DD8 BaseClass: NativeClass:/Script/Engine.StaticMeshActor Name:StaticMeshActor_4 Label:SM_Cube3 SpatiallyLoaded:1 Bounds:IsValid=true, Min=(X=0.000 Y=3400.000 Z=0.000), Max=(X=3000.000 Y=3500.000 Z=400.000) RuntimeGrid:None EditorOnly:0 RuntimeOnly:0 HLODRelevant:1 FolderPath:Playground FolderGuid:6C02BB504B69D1F3D7A624B130C18E5B
 |   |   |- [+] [ 11]
 |   |   |   |- Guid:224BDCB3421E276E71E79084D19798A7 BaseClass:/Game/FirstPerson/Blueprints/Mems/BP_Who.BP_Who_C NativeClass:/Script/Engine.Pawn Name:BP_Who_C_UAID_94DE808A617ED3BE01_2110109935 Label:BP_Who SpatiallyLoaded:1 Bounds:IsValid=true, Min=(X=50.000 Y=60.000 Z=480.000), Max=(X=50.000 Y=60.000 Z=480.000) RuntimeGrid:None EditorOnly:0 RuntimeOnly:0 HLODRelevant:0
 |   |   |- [+] [ 12]
 |   |   |   |- Guid:78CAF7514C7533F30BD2F19A017AAB65 BaseClass: NativeClass:/Script/Engine.StaticMeshActor Name:StaticMeshActor_0 Label:SM_Cube SpatiallyLoaded:1 Bounds:IsValid=true, Min=(X=0.000 Y=0.000 Z=-50.000), Max=(X=3000.000 Y=3500.000 Z=0.000) RuntimeGrid:None EditorOnly:0 RuntimeOnly:0 HLODRelevant:1 FolderPath:Playground FolderGuid:6C02BB504B69D1F3D7A624B130C18E5B
 |   |   |- [+] [ 13]
 |   |   |   |- Guid:A354B1B24E617A525DC6B48CCDE2417E BaseClass: NativeClass:/Script/Engine.PlayerStart Name:PlayerStart_0 Label:PlayerStart SpatiallyLoaded:0 Bounds:IsValid=true, Min=(X=860.000 Y=810.000 Z=0.013), Max=(X=940.000 Y=890.000 Z=184.013) RuntimeGrid:None EditorOnly:0 RuntimeOnly:0 HLODRelevant:0
 |   |   |- [+] [ 14]
 |   |   |   |- Guid:9EC922C143D17374A2D2F5AD7F25D963 BaseClass:/Game/FirstPerson/Blueprints/Mems/BP_Spawn_mem.BP_Spawn_mem_C NativeClass:/Script/Engine.Pawn Name:BP_Spawn_mem_C_UAID_94DE808A617ED7BE01_1417959655 Label:BP_Spawn_mem2 SpatiallyLoaded:1 Bounds:IsValid=true, Min=(X=2085.000 Y=2808.000 Z=-257.000), Max=(X=2725.000 Y=3448.000 Z=383.000) RuntimeGrid:None EditorOnly:0 RuntimeOnly:0 HLODRelevant:0
 |   |   |- [+] [ 15]
 |   |   |   |- Guid:0EDB289B45CB7E0977A6DBA74201EE76 BaseClass: NativeClass:/Script/Engine.StaticMeshActor Name:StaticMeshActor_10 Label:SM_Cube6 SpatiallyLoaded:1 Bounds:IsValid=true, Min=(X=2900.000 Y=100.000 Z=0.000), Max=(X=3000.000 Y=3400.000 Z=400.000) RuntimeGrid:None EditorOnly:0 RuntimeOnly:0 HLODRelevant:1 FolderPath:Playground FolderGuid:6C02BB504B69D1F3D7A624B130C18E5B
 |   |   |- [+] [ 16]
 |   |   |   |- Guid:C22CE07C4B87D685137FDBBC10FC92C6 BaseClass: NativeClass:/Script/Engine.SkyAtmosphere Name:SkyAtmosphere_0 Label:SkyAtmosphere SpatiallyLoaded:0 Bounds:IsValid=true, Min=(X=0.000 Y=0.000 Z=1020.000), Max=(X=0.000 Y=0.000 Z=1020.000) RuntimeGrid:None EditorOnly:0 RuntimeOnly:0 HLODRelevant:0 FolderPath:Lighting FolderGuid:0BA5F0A04EADB18E70D5B180D08FA34B
 |   |   |- [+] [ 17]
 |   |   |   |- Guid:C0C56B9644AE3D40CAFF6A878DB29844 BaseClass: NativeClass:/Script/Engine.StaticMeshActor Name:StaticMeshActor_UAID_A4AE111137DC5EFB00_2001720423 Label:SM_SkySphere SpatiallyLoaded:0 Bounds:IsValid=true, Min=(X=-1638400.000 Y=-1638400.000 Z=-1638400.000), Max=(X=1638400.000 Y=1638400.000 Z=1638400.000) RuntimeGrid:None EditorOnly:0 RuntimeOnly:0 HLODRelevant:1 FolderPath:Lighting FolderGuid:0BA5F0A04EADB18E70D5B180D08FA34B
 |   |   |- [+] [ 18]
 |   |   |   |- Guid:6FEFB3BD4EB37B849EF0D4AC80F83855 BaseClass: NativeClass:/Script/Engine.WorldDataLayers Name:WorldDataLayers Label:WorldDataLayers SpatiallyLoaded:0 Bounds:IsValid=true, Min=(X=0.000 Y=0.000 Z=0.000), Max=(X=0.000 Y=0.000 Z=0.000) RuntimeGrid:None EditorOnly:0 RuntimeOnly:0 HLODRelevant:0
 |   |   |- [+] [ 19]
 |   |   |   |- Guid:9A0FE22C42D105965F678489BA8BC2DB BaseClass:/Game/FirstPerson/Blueprints/Mems/BP_Spawn_mem.BP_Spawn_mem_C NativeClass:/Script/Engine.Pawn Name:BP_Spawn_mem_C_UAID_94DE808A617ED7BE01_1420806656 Label:BP_Spawn_mem3 SpatiallyLoaded:1 Bounds:IsValid=true, Min=(X=2085.000 Y=1238.000 Z=-257.000), Max=(X=2725.000 Y=1878.000 Z=383.000) RuntimeGrid:None EditorOnly:0 RuntimeOnly:0 HLODRelevant:0
 |   |   |- [+] [ 20]
 |   |   |   |- Guid:8559D1384B14F466E8927697A36C1D78 BaseClass: NativeClass:/Script/Engine.StaticMeshActor Name:StaticMeshActor_9 Label:SM_Cube5 SpatiallyLoaded:1 Bounds:IsValid=true, Min=(X=-0.000 Y=100.000 Z=0.000), Max=(X=100.000 Y=3400.000 Z=400.000) RuntimeGrid:None EditorOnly:0 RuntimeOnly:0 HLODRelevant:1 FolderPath:Playground FolderGuid:6C02BB504B69D1F3D7A624B130C18E5B
 |   |   |- [+] [ 21]
 |   |   |   |- Guid:80294E5A45E52429CE8B208AD4899BD0 BaseClass:/Game/FirstPerson/Blueprints/Mems/BP_Spawn_mem.BP_Spawn_mem_C NativeClass:/Script/Engine.Pawn Name:BP_Spawn_mem_C_UAID_94DE808A617EE8BE01_1282623631 Label:BP_Spawn_mem4 SpatiallyLoaded:1 Bounds:IsValid=true, Min=(X=1267.000 Y=1238.000 Z=-257.000), Max=(X=1907.000 Y=1878.000 Z=383.000) RuntimeGrid:None EditorOnly:0 RuntimeOnly:0 HLODRelevant:0
 |   |   |- [+] [ 22]
 |   |   |   |- Guid:CE8D82634660FCDB3120E2B8D547C533 BaseClass: NativeClass:/Script/Engine.PostProcessVolume Name:PostProcessVolume_0 Label:PostProcessVolume SpatiallyLoaded:0 Bounds:IsValid=true, Min=(X=0.000 Y=0.000 Z=400.000), Max=(X=200.000 Y=200.000 Z=600.000) RuntimeGrid:None EditorOnly:0 RuntimeOnly:0 HLODRelevant:0 FolderPath:Lighting FolderGuid:0BA5F0A04EADB18E70D5B180D08FA34B
 |   |   |- [+] [ 23]
 |   |   |   |- Guid:F022688B4F4BF86D151F6FA743EB0D73 BaseClass: NativeClass:/Script/Engine.StaticMeshActor Name:StaticMeshActor_UAID_94DE808A617E28BF01_1657762933 Label:SM_Cube51 SpatiallyLoaded:1 Bounds:IsValid=true, Min=(X=-785.000 Y=-1917.000 Z=-73.000), Max=(X=90.000 Y=-942.000 Z=-23.000) RuntimeGrid:None EditorOnly:0 RuntimeOnly:0 HLODRelevant:1 Parent:CCD446164B18F67B1D11A0BD2B44B1CE FolderPath:Playground FolderGuid:6C02BB504B69D1F3D7A624B130C18E5B
 |   |   |   |- Guid:2682F2734CBF436F5F3B6598B6E2305C BaseClass: NativeClass:/Script/Engine.StaticMeshActor Name:StaticMeshActor_UAID_94DE808A617E28BF01_1657751925 Label:SM_Cube43 SpatiallyLoaded:1 Bounds:IsValid=true, Min=(X=-785.000 Y=-3720.000 Z=-52.000), Max=(X=90.000 Y=-2745.000 Z=-2.000) RuntimeGrid:None EditorOnly:0 RuntimeOnly:0 HLODRelevant:1 Parent:CCD446164B18F67B1D11A0BD2B44B1CE FolderPath:Playground FolderGuid:6C02BB504B69D1F3D7A624B130C18E5B
 |   |   |   |- Guid:E34430AF4F839993FA925C820A40BF23 BaseClass: NativeClass:/Script/Engine.StaticMeshActor Name:StaticMeshActor_UAID_94DE808A617E28BF01_1635913904 Label:SM_Cube24 SpatiallyLoaded:1 Bounds:IsValid=true, Min=(X=0.000 Y=-1897.000 Z=-84.000), Max=(X=875.000 Y=-922.000 Z=-34.000) RuntimeGrid:None EditorOnly:0 RuntimeOnly:0 HLODRelevant:1 Parent:CCD446164B18F67B1D11A0BD2B44B1CE FolderPath:Playground FolderGuid:6C02BB504B69D1F3D7A624B130C18E5B
 |   |   |   |- Guid:4CDFB938460763B6938CD9A55EFD8E41 BaseClass: NativeClass:/Script/Engine.StaticMeshActor Name:StaticMeshActor_UAID_94DE808A617E28BF01_1575318897 Label:SM_Cube17 SpatiallyLoaded:1 Bounds:IsValid=true, Min=(X=0.000 Y=-2770.000 Z=-67.000), Max=(X=875.000 Y=-1795.000 Z=-17.000) RuntimeGrid:None EditorOnly:0 RuntimeOnly:0 HLODRelevant:1 Parent:CCD446164B18F67B1D11A0BD2B44B1CE FolderPath:Playground FolderGuid:6C02BB504B69D1F3D7A624B130C18E5B
 |   |   |   |- Guid:BB8BBCC14E1D25918330A9ADFA9F4D39 BaseClass: NativeClass:/Script/Engine.StaticMeshActor Name:StaticMeshActor_UAID_94DE808A617E28BF01_1657755928 Label:SM_Cube46 SpatiallyLoaded:1 Bounds:IsValid=true, Min=(X=-785.000 Y=-4438.000 Z=-58.000), Max=(X=90.000 Y=-3463.000 Z=-8.000) RuntimeGrid:None EditorOnly:0 RuntimeOnly:0 HLODRelevant:1 Parent:CCD446164B18F67B1D11A0BD2B44B1CE FolderPath:Playground FolderGuid:6C02BB504B69D1F3D7A624B130C18E5B
 |   |   |   |- Guid:AF8C4EB046340AFD42C4EAA36DA602BB BaseClass: NativeClass:/Script/Engine.StaticMeshActor Name:StaticMeshActor_UAID_94DE808A617E28BF01_1657749924 Label:SM_Cube42 SpatiallyLoaded:1 Bounds:IsValid=true, Min=(X=-785.000 Y=-2770.000 Z=-69.000), Max=(X=90.000 Y=-1795.000 Z=-19.000) RuntimeGrid:None EditorOnly:0 RuntimeOnly:0 HLODRelevant:1 Parent:CCD446164B18F67B1D11A0BD2B44B1CE FolderPath:Playground FolderGuid:6C02BB504B69D1F3D7A624B130C18E5B
 |   |   |   |- Guid:63742AB149B468C991A30B96E7FEE8F7 BaseClass: NativeClass:/Script/Engine.CameraActor Name:CameraActor_UAID_94DE808A617E29BF01_1096808071 Label:CameraActor SpatiallyLoaded:1 Bounds:IsValid=true, Min=(X=-789.000 Y=-2834.000 Z=857.000), Max=(X=-789.000 Y=-2834.000 Z=857.000) RuntimeGrid:None EditorOnly:0 RuntimeOnly:0 HLODRelevant:0 Parent:CCD446164B18F67B1D11A0BD2B44B1CE FolderPath:Playground FolderGuid:6C02BB504B69D1F3D7A624B130C18E5B
 |   |   |   |- Guid:F8DAD21B4D91E904DCE3109F7319B249 BaseClass: NativeClass:/Script/Engine.StaticMeshActor Name:StaticMeshActor_UAID_94DE808A617E28BF01_1626461901 Label:SM_Cube21 SpatiallyLoaded:1 Bounds:IsValid=true, Min=(X=0.000 Y=-4438.000 Z=-67.000), Max=(X=875.000 Y=-3463.000 Z=-17.000) RuntimeGrid:None EditorOnly:0 RuntimeOnly:0 HLODRelevant:1 Parent:CCD446164B18F67B1D11A0BD2B44B1CE FolderPath:Playground FolderGuid:6C02BB504B69D1F3D7A624B130C18E5B
 |   |   |   |- Guid:CCD446164B18F67B1D11A0BD2B44B1CE BaseClass: NativeClass:/Script/Engine.StaticMeshActor Name:StaticMeshActor_UAID_94DE808A617E28BF01_1525165896 Label:SM_Cube7 SpatiallyLoaded:1 Bounds:IsValid=true, Min=(X=0.000 Y=-3720.000 Z=-58.000), Max=(X=875.000 Y=-2745.000 Z=-8.000) RuntimeGrid:None EditorOnly:0 RuntimeOnly:0 HLODRelevant:1 FolderPath:Playground FolderGuid:6C02BB504B69D1F3D7A624B130C18E5B
 |   |   |- [+] [ 24]
 |   |   |   |- Guid:534D8E2E4162927D81A413B7BB10ECF5 BaseClass:/Game/FirstPerson/Blueprints/BP_Director.BP_Director_C NativeClass:/Script/Engine.Pawn Name:BP_reshiser_C_UAID_94DE808A617E2ABF01_1945423250 Label:BP_reshiser SpatiallyLoaded:1 Bounds:IsValid=true, Min=(X=72.000 Y=347.000 Z=400.000), Max=(X=72.000 Y=347.000 Z=400.000) RuntimeGrid:None EditorOnly:0 RuntimeOnly:0 HLODRelevant:0
 |- ContainerInstances:
 |- [+] MainContainer:
 |   |-        ID: 0x0000000000000000
 |   |-    Bounds: IsValid=false, Min=(X=0.000 Y=0.000 Z=0.000), Max=(X=0.000 Y=0.000 Z=0.000)
 |   |- Transform: 0.000000,0.000000,0.000000|0.000000,0.000000,-0.000000|1.000000,1.000000,1.000000
 |   |- Container: /Game/FirstPerson/Maps/FirstPersonMap
----------------------------------------------------------------------------------------------------------------
FirstPersonMap - Persistent Level
----------------------------------------------------------------------------------------------------------------
Always loaded Actor Count: 40 

----------------------------------------------------------------------------------------------------------------
FirstPersonMap - Runtime Spatial Hash - Streaming Grid - MainGrid
----------------------------------------------------------------------------------------------------------------
            Origin: X=0.000 Y=0.000 Z=0.000
         Cell Size: 12800
      World Bounds: IsValid=false, Min=(X=0.000 Y=0.000 Z=0.000), Max=(X=0.000 Y=0.000 Z=0.000)
     Loading Range: 25600.00
Block Slow Loading: No
 ClientOnlyVisible: No

[+] Grid Levels: 1
 |- Level  0: Cell Count    0 | Cell Size   12800 | Actor Count    0 (0.0%)

[+] Content of Grid Level 0

